c:\users\davidrodríguez\source\repos\drroland\debug\vc142.pdb
c:\users\davidrodríguez\source\repos\drroland\debug\lettermarker2.obj
c:\users\davidrodríguez\source\repos\drroland\debug\lettermarker.obj
c:\users\davidrodríguez\source\repos\drroland\debug\leftpills.obj
c:\users\davidrodríguez\source\repos\drroland\debug\hit.obj
c:\users\davidrodríguez\source\repos\drroland\debug\font_chars.obj
c:\users\davidrodríguez\source\repos\drroland\debug\feet.obj
c:\users\davidrodríguez\source\repos\drroland\debug\eyes.obj
c:\users\davidrodríguez\source\repos\drroland\debug\drroland02.obj
c:\users\davidrodríguez\source\repos\drroland\debug\drroland01.obj
c:\users\davidrodríguez\source\repos\drroland\debug\downpills.obj
c:\users\davidrodríguez\source\repos\drroland\debug\crown.obj
c:\users\davidrodríguez\source\repos\drroland\debug\blocks.obj
c:\users\davidrodríguez\source\repos\drroland\debug\arm02.obj
c:\users\davidrodríguez\source\repos\drroland\debug\arm01.obj
c:\users\davidrodríguez\source\repos\drroland\debug\main.obj
c:\users\davidrodríguez\source\repos\drroland\debug\keyboard.obj
c:\users\davidrodríguez\source\repos\drroland\debug\game.obj
c:\users\davidrodríguez\source\repos\drroland\debug\match.obj
c:\users\davidrodríguez\source\repos\drroland\debug\cursor.obj
c:\users\davidrodríguez\source\repos\drroland\debug\tools.obj
c:\users\davidrodríguez\source\repos\drroland\debug\text.obj
c:\users\davidrodríguez\source\repos\drroland\debug\viruses-big.obj
c:\users\davidrodríguez\source\repos\drroland\debug\virus.obj
c:\users\davidrodríguez\source\repos\drroland\debug\uppills.obj
c:\users\davidrodríguez\source\repos\drroland\debug\title.obj
c:\users\davidrodríguez\source\repos\drroland\debug\rightpills.obj
c:\users\davidrodríguez\source\repos\drroland\debug\poweredby-cpctelera.obj
c:\users\davidrodríguez\source\repos\drroland\debug\oksign.obj
c:\users\davidrodríguez\source\repos\drroland\debug\board.obj
c:\users\davidrodríguez\source\repos\drroland\debug\drroland.ilk
c:\users\davidrodríguez\source\repos\drroland\debug\drroland.exe
c:\users\davidrodríguez\source\repos\drroland\debug\drroland.pdb
c:\users\davidrodríguez\source\repos\drroland\debug\drroland.tlog\cl.command.1.tlog
c:\users\davidrodríguez\source\repos\drroland\debug\drroland.tlog\cl.read.1.tlog
c:\users\davidrodríguez\source\repos\drroland\debug\drroland.tlog\cl.write.1.tlog
c:\users\davidrodríguez\source\repos\drroland\debug\drroland.tlog\link.command.1.tlog
c:\users\davidrodríguez\source\repos\drroland\debug\drroland.tlog\link.read.1.tlog
c:\users\davidrodríguez\source\repos\drroland\debug\drroland.tlog\link.write.1.tlog
